<?xml version="1.0" encoding="UTF-8"?>
<!-- Generated by org.testng.reporters.JUnitReportReporter -->
<testsuite hostname="DESKTOP-EOAIVF8" failures="0" tests="1" name="TC04_GET_MovieCode" time="0.387" errors="0" timestamp="17 Jun 2020 10:33:10 GMT" skipped="0">
  <testcase classname="TC04_GET_MovieCode" name="movieCodeTest" time="0.387"/>
</testsuite> <!-- TC04_GET_MovieCode -->
