<?xml version="1.0" encoding="UTF-8"?>
<!-- Generated by org.testng.reporters.JUnitReportReporter -->
<testsuite hostname="DESKTOP-EOAIVF8" failures="0" tests="1" name="TC06_PrintMovieNames" time="1.237" errors="0" timestamp="17 Jun 2020 10:33:10 GMT" skipped="0">
  <testcase classname="TC06_PrintMovieNames" name="trail" time="1.237"/>
</testsuite> <!-- TC06_PrintMovieNames -->
