<?xml version="1.0" encoding="UTF-8"?>
<!-- Generated by org.testng.reporters.JUnitReportReporter -->
<testsuite hostname="DESKTOP-EOAIVF8" failures="0" tests="1" name="com.paytm.qa.testcases.TC002_MoviePosterURL" time="1.032" errors="0" timestamp="17 Jun 2020 11:01:37 GMT" skipped="0">
  <testcase classname="com.paytm.qa.testcases.TC002_MoviePosterURL" name="verifyMoviePosterURL" time="1.032"/>
</testsuite> <!-- com.paytm.qa.testcases.TC002_MoviePosterURL -->
