<?xml version="1.0" encoding="UTF-8"?>
<!-- Generated by org.testng.reporters.JUnitReportReporter -->
<testsuite hostname="DESKTOP-EOAIVF8" failures="0" tests="1" name="TC05_GETUniqueLanguage" time="0.967" errors="0" timestamp="17 Jun 2020 10:33:10 GMT" skipped="0">
  <testcase classname="TC05_GETUniqueLanguage" name="SingleLanguage" time="0.967"/>
</testsuite> <!-- TC05_GETUniqueLanguage -->
