<?xml version="1.0" encoding="UTF-8"?>
<!-- Generated by org.testng.reporters.JUnitReportReporter -->
<testsuite hostname="DESKTOP-EOAIVF8" failures="0" tests="1" name="TC01_GET_Request" time="0.252" errors="0" timestamp="17 Jun 2020 10:33:10 GMT" skipped="0">
  <testcase classname="TC01_GET_Request" name="getWeatherDetails" time="0.252"/>
</testsuite> <!-- TC01_GET_Request -->
