<?xml version="1.0" encoding="UTF-8"?>
<!-- Generated by org.testng.reporters.JUnitReportReporter -->
<testsuite hostname="DESKTOP-EOAIVF8" failures="0" tests="1" name="PrimeNumberValidation.PrimeNumberValidation.PrimeNumberProgram" time="0.140" errors="0" timestamp="15 Jun 2020 17:52:33 GMT" skipped="0">
  <testcase classname="PrimeNumberValidation.PrimeNumberValidation.PrimeNumberProgram" name="first100PrimeNumbers" time="0.140"/>
</testsuite> <!-- PrimeNumberValidation.PrimeNumberValidation.PrimeNumberProgram -->
